{
  "uid" : "2839260aa5a72fb5",
  "name" : "xxxxx",
  "fullName" : "test.test_aaa#test_xxx",
  "historyId" : "36b320f6c5c1c6d4c9fa49ffe04f7475",
  "time" : {
    "start" : 1680710535112,
    "stop" : 1680710535113,
    "duration" : 1
  },
  "status" : "failed",
  "statusMessage" : "AssertionError: assert 1 == 2",
  "statusTrace" : "@allure.title(\"xxxxx\")\n    def test_xxx():\n>       assert 1==2\nE       assert 1 == 2\n\ntest\\test_aaa.py:6: AssertionError",
  "flaky" : false,
  "newFailed" : false,
  "beforeStages" : [ {
    "name" : "_session_faker",
    "time" : {
      "start" : 1680710534952,
      "stop" : 1680710535110,
      "duration" : 158
    },
    "status" : "passed",
    "steps" : [ ],
    "attachments" : [ ],
    "parameters" : [ ],
    "stepsCount" : 0,
    "hasContent" : false,
    "shouldDisplayMessage" : false,
    "attachmentsCount" : 0
  } ],
  "afterStages" : [ ],
  "labels" : [ {
    "name" : "parentSuite",
    "value" : "test"
  }, {
    "name" : "suite",
    "value" : "test_aaa"
  }, {
    "name" : "host",
    "value" : "PC-202209231525"
  }, {
    "name" : "thread",
    "value" : "17280-MainThread"
  }, {
    "name" : "framework",
    "value" : "pytest"
  }, {
    "name" : "language",
    "value" : "cpython3"
  }, {
    "name" : "package",
    "value" : "test.test_aaa"
  }, {
    "name" : "resultFormat",
    "value" : "allure2"
  } ],
  "parameters" : [ ],
  "links" : [ ],
  "hidden" : false,
  "retry" : false,
  "extra" : {
    "severity" : "normal",
    "retries" : [ ],
    "categories" : [ {
      "name" : "Product defects",
      "matchedStatuses" : [ ],
      "flaky" : false
    } ],
    "tags" : [ ]
  },
  "source" : "2839260aa5a72fb5.json",
  "parameterValues" : [ ]
}